Refreshing IDX symbol universe...
Loaded IDX universe from stocklist.csv: 798 symbols
Market data source: yfinance (.JK tickers)
Running daily technical + volume screen...
Running daily screener for 798 symbols...
Progress: 25/798
Progress: 50/798
Progress: 75/798
Progress: 100/798
Progress: 125/798
Progress: 150/798
Progress: 175/798
Progress: 200/798
Progress: 225/798
Progress: 250/798
Progress: 275/798
Progress: 300/798
Progress: 325/798
Progress: 350/798
Progress: 375/798
Progress: 400/798
Progress: 425/798
Progress: 450/798
Progress: 475/798
Progress: 500/798
Progress: 525/798
Progress: 550/798
Progress: 575/798
Progress: 600/798
Progress: 625/798
Progress: 650/798
Progress: 675/798
Progress: 700/798
Progress: 725/798
Progress: 750/798
Progress: 775/798
Progress: 798/798

========================================================================================================================
INDONESIAN DAILY TECHNICAL + VOLUME SCREENER (2026-04-30 16:35:30)
========================================================================================================================
 symbol action  total_score  trend_score  volume_score  close change_pct vol_ratio   avg_vol_20d turnover_b rsi14  trend_up  macd_positive  breakout_20d                                                            notes
ICON.JK    ADD            8            5             3    141    +12.80%     3.59x    38,475,835      19.50  64.5      True           True          True near_breakout,strong_volume,momentum_confirmed,strong_daily_move
HERO.JK    ADD            7            4             3    474    +24.74%    17.43x       517,240       4.27  69.5     False           True          True near_breakout,strong_volume,momentum_confirmed,strong_daily_move
SDMU.JK  WATCH            7            4             3    126    +28.57%     8.81x   110,685,115     122.86  65.7      True           True         False               strong_volume,momentum_confirmed,strong_daily_move
SRSN.JK  WATCH            7            4             3     70     +0.00%     6.54x    73,567,355      33.66  63.3      True           True         False                                 strong_volume,momentum_confirmed
MOLI.JK  WATCH            7            4             3    294     +3.52%     5.32x     6,886,275      10.77  71.4      True           True         False               strong_volume,momentum_confirmed,strong_daily_move
ASPR.JK  WATCH            7            4             3    290    +13.28%     5.07x    69,064,490     101.49  69.5      True           True         False               strong_volume,momentum_confirmed,strong_daily_move
DMAS.JK  WATCH            7            4             3    141     +2.92%     4.93x    45,855,590      31.86  66.4      True           True         False               strong_volume,momentum_confirmed,strong_daily_move
MSIE.JK    ADD            7            4             3    112     +9.80%     4.22x    11,623,615       5.49  83.8      True           True          True                    near_breakout,strong_volume,strong_daily_move
IPOL.JK  WATCH            7            4             3    132     -2.22%     3.34x     6,146,990       2.71  64.4      True           True         False                                 strong_volume,momentum_confirmed
APLN.JK  WATCH            7            4             3    210     -2.78%     2.91x   122,487,160      74.98  70.9      True           True         False                                 strong_volume,momentum_confirmed
IPCC.JK  WATCH            7            4             3  1,315     -2.59%     2.50x     1,104,995       3.63  52.9      True           True         False                                 strong_volume,momentum_confirmed
SMSM.JK  WATCH            7            4             3  1,800     -3.49%     2.49x     2,043,640       9.17  51.0      True           True         False                                 strong_volume,momentum_confirmed
BJBR.JK  WATCH            7            4             3    870     -0.57%     2.45x     4,587,265       9.77  62.7      True           True         False                                 strong_volume,momentum_confirmed
PSDN.JK  WATCH            7            4             3    202     +4.12%     2.38x   124,476,020      59.76  60.4      True           True         False               strong_volume,momentum_confirmed,strong_daily_move
NPGF.JK  WATCH            7            4             3     73     -2.67%     2.12x    44,581,260       6.91  57.5      True           True         False                                 strong_volume,momentum_confirmed
CASH.JK    ADD            7            5             2    266     +9.92%     1.39x     6,523,540       2.42  70.1      True           True          True               near_breakout,momentum_confirmed,strong_daily_move
ADHI.JK  WATCH            6            3             3    212    +16.48%    10.85x    16,416,370      37.75  63.1     False           True         False               strong_volume,momentum_confirmed,strong_daily_move
TOOL.JK  WATCH            6            3             3    100     +6.38%     9.18x   180,382,045     165.67  81.1      True           True         False                                  strong_volume,strong_daily_move
INOV.JK  WATCH            6            3             3    158     -5.39%     8.97x    21,534,680      30.54  61.9     False           True         False                                 strong_volume,momentum_confirmed
LUCK.JK  WATCH            6            3             3    112    -13.18%     5.73x    16,470,290      10.58  52.3     False           True         False                                 strong_volume,momentum_confirmed
CSIS.JK  WATCH            6            3             3    188     +8.05%     5.06x     6,193,005       5.89  54.0     False           True         False               strong_volume,momentum_confirmed,strong_daily_move
WEGE.JK  WATCH            6            3             3     59     +1.72%     4.95x    16,866,045       4.93  52.2     False           True         False                                 strong_volume,momentum_confirmed
UVCR.JK  WATCH            6            3             3    206     +3.00%     4.91x    22,948,215      23.22  81.1      True           True         False                                  strong_volume,strong_daily_move
PALM.JK  WATCH            6            3             3    366     +1.67%     4.40x       960,990       1.55  50.5     False           True         False                                 strong_volume,momentum_confirmed
GGRM.JK  WATCH            6            3             3 16,000     +1.11%     4.12x       695,655      45.86  62.9     False           True         False                                 strong_volume,momentum_confirmed
WTON.JK  WATCH            6            3             3     90     +0.00%     3.43x     8,161,890       2.52  51.0     False           True         False                                 strong_volume,momentum_confirmed
ESIP.JK  WATCH            6            3             3    174     +6.75%     2.96x   496,042,325     255.12  80.7      True           True         False                                  strong_volume,strong_daily_move
DKFT.JK  WATCH            6            3             3    835     +0.00%     2.82x    14,557,020      34.30  64.6     False           True         False                                 strong_volume,momentum_confirmed
KOTA.JK  WATCH            6            3             3    149     +4.20%     2.77x 1,323,718,375     546.71  79.2      True           True         False                                  strong_volume,strong_daily_move
LCKM.JK  WATCH            6            3             3    134     +7.20%     2.76x    83,563,000      30.87  51.8     False           True         False               strong_volume,momentum_confirmed,strong_daily_move

Decision Summary:
ADD candidates    : 4
WATCH candidates  : 123
MONITOR candidates: 524
Report exported: screener_report.csv, screener_report.json
Telegram screener report sent successfully.
